2018-04-15 14:30:08: aachen
2018-04-15 14:30:09: aardvark
2018-04-15 14:30:10: aardvarks
2018-04-15 14:30:11: aaron
2018-04-15 14:30:12: aback
2018-04-15 14:30:13: abacus
2018-04-15 14:30:14: abacuses
2018-04-15 14:30:15: abaft
2018-04-15 14:30:16: abalone
2018-04-15 14:30:17: abandon
2018-04-15 14:30:18: abandoned
2018-04-15 14:30:19: abandoning
2018-04-15 14:30:20: abandonment
2018-04-15 14:30:21: abandons
2018-04-15 14:30:22: abase
2018-04-15 14:30:23: abased
2018-04-15 14:30:24: abasement
2018-04-15 14:30:25: abases
2018-04-15 14:30:26: abash
2018-04-15 14:30:27: abashed
2018-04-15 14:30:28: abasing
2018-04-15 14:30:29: abate
2018-04-15 14:30:30: abated
2018-04-15 14:30:31: abatement
2018-04-15 14:30:32: abatements
2018-04-15 14:30:33: abates
2018-04-15 14:30:34: abating
2018-04-15 14:30:35: abattoir
2018-04-15 14:30:36: abattoirs
2018-04-15 14:30:37: abbess
2018-04-15 14:30:38: abbesses
2018-04-15 14:30:39: abbey
2018-04-15 14:30:40: abbeys
2018-04-15 14:30:41: abbot
2018-04-15 14:30:42: abbots
2018-04-15 14:30:43: abbotsbury
2018-04-15 14:30:44: abbreviate
2018-04-15 14:30:45: abbreviated
2018-04-15 14:30:46: abbreviates
2018-04-15 14:30:47: abbreviating
2018-04-15 14:30:48: abbreviation
2018-04-15 14:30:49: abbreviations
2018-04-15 14:30:50: abc
2018-04-15 14:30:51: abdicant
2018-04-15 14:30:52: abdicants
2018-04-15 14:30:53: abdicate
2018-04-15 14:30:54: abdicated
2018-04-15 14:30:55: abdicates
2018-04-15 14:30:56: abdicating
2018-04-15 14:30:57: abdication
2018-04-15 14:30:58: abdications
2018-04-15 14:30:59: abdomen
2018-04-15 14:31:00: abdomens
2018-04-15 14:31:01: abdominal
2018-04-15 14:31:02: abdominally
2018-04-15 14:31:03: abduct
2018-04-15 14:31:04: abducted
2018-04-15 14:31:05: abducting
2018-04-15 14:31:06: abduction
2018-04-15 14:31:07: abductions
2018-04-15 14:31:08: abductor
2018-04-15 14:31:09: abductors
2018-04-15 14:31:10: abducts
2018-04-15 14:31:11: abe
2018-04-15 14:31:12: abeam
2018-04-15 14:31:13: abearances
2018-04-15 14:31:14: abed
2018-04-15 14:31:15: abel
2018-04-15 14:31:16: aberaeron
2018-04-15 14:31:17: aberavon
2018-04-15 14:31:18: aberdare
2018-04-15 14:31:19: aberdaron
2018-04-15 14:31:20: aberdeen
2018-04-15 14:31:21: aberdonian
2018-04-15 14:31:22: aberdonians
2018-04-15 14:31:23: aberdovey
2018-04-15 14:31:24: aberfeldy
2018-04-15 14:31:25: abergele
2018-04-15 14:31:26: aberrance
2018-04-15 14:31:27: aberrances
2018-04-15 14:31:28: aberrancy
2018-04-15 14:31:29: aberrant
2018-04-15 14:31:30: aberrate
2018-04-15 14:31:31: aberrated
2018-04-15 14:31:32: aberrates
2018-04-15 14:31:33: aberrating
2018-04-15 14:31:34: aberration
2018-04-15 14:31:35: aberrational
2018-04-15 14:31:36: aberrations
2018-04-15 14:31:37: abersoch
2018-04-15 14:31:38: abertilly
2018-04-15 14:31:39: aberystwyth
2018-04-15 14:31:40: abet
2018-04-15 14:31:41: abets
2018-04-15 14:31:42: abetted
2018-04-15 14:31:43: abetting
2018-04-15 14:31:44: abettor
2018-04-15 14:31:45: abettors
2018-04-15 14:31:46: abeyance
2018-04-15 14:31:47: abeyant
2018-04-15 14:31:48: abhor
2018-04-15 14:31:49: abhorred
2018-04-15 14:31:50: abhorrence
2018-04-15 14:31:51: abhorrent
2018-04-15 14:31:52: abhorring
2018-04-15 14:31:53: abhors
2018-04-15 14:31:54: abide
2018-04-15 14:31:55: abided
2018-04-15 14:31:56: abides
2018-04-15 14:31:57: abiding
2018-04-15 14:31:58: abidjan
2018-04-15 14:31:59: abigail
2018-04-15 14:32:00: abilities
2018-04-15 14:32:01: ability
2018-04-15 14:32:02: abingdon
2018-04-15 14:32:03: abject
2018-04-15 14:32:04: abjectly
2018-04-15 14:32:05: abjure
2018-04-15 14:32:06: abjured
2018-04-15 14:32:07: abjures
2018-04-15 14:32:08: abjuring
2018-04-15 14:32:09: ablaze
2018-04-15 14:32:10: able
2018-04-15 14:32:11: ablest
2018-04-15 14:32:12: ablution
2018-04-15 14:32:13: ablutions
2018-04-15 14:32:14: ably
2018-04-15 14:32:15: abnormal
2018-04-15 14:32:16: abnormalities
2018-04-15 14:32:17: abnormality
2018-04-15 14:32:18: abnormally
2018-04-15 14:32:19: aboard
2018-04-15 14:32:20: abode
2018-04-15 14:32:21: abodes
2018-04-15 14:32:22: abolish
2018-04-15 14:32:23: abolished
2018-04-15 14:32:24: abolishes
2018-04-15 14:32:25: abolishing
2018-04-15 14:32:26: abolishment
2018-04-15 14:32:27: abolition
2018-04-15 14:32:28: abolitionism
2018-04-15 14:32:29: abolitionist
2018-04-15 14:32:30: abolitionists
2018-04-15 14:32:31: abominable
2018-04-15 14:32:32: abominably
2018-04-15 14:32:33: abominate
2018-04-15 14:32:34: abominated
2018-04-15 14:32:35: abominates
2018-04-15 14:32:36: abomination
2018-04-15 14:32:37: abominations
2018-04-15 14:32:38: aboriginal
2018-04-15 14:32:39: aborigine
2018-04-15 14:32:40: aborigines
2018-04-15 14:32:41: abort
2018-04-15 14:32:42: aborted
2018-04-15 14:32:43: aborting
2018-04-15 14:32:44: abortion
2018-04-15 14:32:45: abortionist
2018-04-15 14:32:46: abortions
2018-04-15 14:32:47: abortive
2018-04-15 14:32:48: abortively
2018-04-15 14:32:49: aborts
2018-04-15 14:32:50: abound
2018-04-15 14:32:51: abounded
2018-04-15 14:32:52: abounding
2018-04-15 14:32:53: abounds
2018-04-15 14:32:54: about
2018-04-15 14:32:55: above
2018-04-15 14:32:56: aboveground
2018-04-15 14:32:57: abracadabra
2018-04-15 14:32:58: abrade
2018-04-15 14:32:59: abraded
2018-04-15 14:33:00: abrades
2018-04-15 14:33:01: abrading
2018-04-15 14:33:02: abraham
2018-04-15 14:33:03: abrasion
2018-04-15 14:33:04: abrasions
2018-04-15 14:33:05: abrasive
2018-04-15 14:33:06: abrasively
2018-04-15 14:33:07: abrasives
2018-04-15 14:33:08: abreast
2018-04-15 14:33:09: abridge
2018-04-15 14:33:10: abridged
2018-04-15 14:33:12: abridgement
2018-04-15 14:33:13: abridgements
2018-04-15 14:33:14: abridger
2018-04-15 14:33:15: abridgers
2018-04-15 14:33:16: abridges
2018-04-15 14:33:17: abridging
2018-04-15 14:33:18: abroad
2018-04-15 14:33:19: abrogate
2018-04-15 14:33:20: abrogated
2018-04-15 14:33:21: abrogates
2018-04-15 14:33:22: abrogating
2018-04-15 14:33:23: abrogative
2018-04-15 14:33:24: abrogator
2018-04-15 14:33:25: abrogators
2018-04-15 14:33:26: abrupt
2018-04-15 14:33:27: abruptly
2018-04-15 14:33:28: abruptness
2018-04-15 14:33:29: absalom
2018-04-15 14:33:30: abscess
2018-04-15 14:33:31: abscessed
2018-04-15 14:33:32: abscesses
2018-04-15 14:33:33: abscissa
2018-04-15 14:33:34: abscond
2018-04-15 14:33:35: absconded
2018-04-15 14:33:36: absconder
2018-04-15 14:33:37: absconders
2018-04-15 14:33:38: absconding
2018-04-15 14:33:39: absconds
2018-04-15 14:33:40: abseil
2018-04-15 14:33:41: abseiled
2018-04-15 14:33:42: abseiler
2018-04-15 14:33:43: abseilers
2018-04-15 14:33:44: abseiling
2018-04-15 14:33:45: abseils
2018-04-15 14:33:46: absence
2018-04-15 14:33:47: absences
2018-04-15 14:33:48: absent
2018-04-15 14:33:49: absented
2018-04-15 14:33:50: absentee
2018-04-15 14:33:51: absenteeism
2018-04-15 14:33:52: absentees
2018-04-15 14:33:53: absenting
2018-04-15 14:33:54: absently
2018-04-15 14:33:55: absentminded
2018-04-15 14:33:56: absentmindedly
2018-04-15 14:33:57: absents
2018-04-15 14:33:58: absinthe
2018-04-15 14:33:59: absolute
2018-04-15 14:34:00: absolutely
2018-04-15 14:34:01: absoluteness
2018-04-15 14:34:02: absolutes
2018-04-15 14:34:03: absolution
2018-04-15 14:34:04: absolve
2018-04-15 14:34:05: absolved
2018-04-15 14:34:06: absolves
2018-04-15 14:34:07: absolving
2018-04-15 14:34:08: absorb
2018-04-15 14:34:09: absorbed
2018-04-15 14:34:10: absorbency
2018-04-15 14:34:11: absorbent
2018-04-15 14:34:12: absorber
2018-04-15 14:34:13: absorbers
2018-04-15 14:34:14: absorbing
2018-04-15 14:34:15: absorbs
2018-04-15 14:34:16: absorption
2018-04-15 14:34:17: absorptions
2018-04-15 14:34:18: absorptive
2018-04-15 14:34:19: abstain
2018-04-15 14:34:20: abstained
2018-04-15 14:34:21: abstainer
2018-04-15 14:34:22: abstainers
2018-04-15 14:34:23: abstaining
2018-04-15 14:34:24: abstains
2018-04-15 14:34:25: abstemious
2018-04-15 14:34:26: abstemiously
2018-04-15 14:34:27: abstention
2018-04-15 14:34:28: abstentions
2018-04-15 14:34:29: abstinence
2018-04-15 14:34:30: abstinent
2018-04-15 14:34:31: abstract
2018-04-15 14:34:32: abstracted
2018-04-15 14:34:33: abstractedly
2018-04-15 14:34:34: abstracting
2018-04-15 14:34:35: abstraction
2018-04-15 14:34:36: abstractions
2018-04-15 14:34:37: abstractly
2018-04-15 14:34:38: abstractor
2018-04-15 14:34:39: abstracts
2018-04-15 14:34:40: abstruse
2018-04-15 14:34:41: absurd
2018-04-15 14:34:42: absurdities
2018-04-15 14:34:43: absurdity
2018-04-15 14:34:44: absurdly
2018-04-15 14:34:45: abundance
2018-04-15 14:34:46: abundances
2018-04-15 14:34:47: abundant
2018-04-15 14:34:48: abundantly
2018-04-15 14:34:49: abusable
2018-04-15 14:34:50: abuse
2018-04-15 14:34:51: abused
2018-04-15 14:34:52: abuser
2018-04-15 14:34:53: abusers
2018-04-15 14:34:54: abuses
2018-04-15 14:34:55: abusing
2018-04-15 14:34:56: abusive
2018-04-15 14:34:57: abusively
2018-04-15 14:34:58: abut
2018-04-15 14:34:59: abutment
2018-04-15 14:35:00: abutments
2018-04-15 14:35:01: abuts
2018-04-15 14:35:02: abutted
2018-04-15 14:35:03: abutting
2018-04-15 14:35:04: abysmal
2018-04-15 14:35:05: abysmally
2018-04-15 14:35:06: abyss
2018-04-15 14:35:07: abyssal
2018-04-15 14:35:08: abyssinia
2018-04-15 14:35:09: acacia
2018-04-15 14:35:10: academe
2018-04-15 14:35:11: academic
2018-04-15 14:35:12: academical
2018-04-15 14:35:13: academically
2018-04-15 14:35:14: academician
2018-04-15 14:35:15: academics
2018-04-15 14:35:16: academies
2018-04-15 14:35:17: academy
2018-04-15 14:35:18: acapulco
2018-04-15 14:35:19: accede
2018-04-15 14:35:20: acceded
2018-04-15 14:35:21: accedes
2018-04-15 14:35:22: acceding
2018-04-15 14:35:23: accelerate
2018-04-15 14:35:24: accelerated
2018-04-15 14:35:25: accelerates
2018-04-15 14:35:26: accelerating
2018-04-15 14:35:27: acceleration
2018-04-15 14:35:28: accelerations
2018-04-15 14:35:29: accelerator
2018-04-15 14:35:30: accelerators
2018-04-15 14:35:31: accelerometer
2018-04-15 14:35:32: accent
2018-04-15 14:35:33: accented
2018-04-15 14:35:34: accenting
2018-04-15 14:35:35: accents
2018-04-15 14:35:36: accentual
2018-04-15 14:35:37: accentuate
2018-04-15 14:35:38: accentuated
2018-04-15 14:35:39: accentuates
2018-04-15 14:35:40: accentuating
2018-04-15 14:35:41: accentuation
2018-04-15 14:35:42: accept
2018-04-15 14:35:43: acceptability
2018-04-15 14:35:44: acceptable
2018-04-15 14:35:45: acceptably
2018-04-15 14:35:46: acceptance
2018-04-15 14:35:47: acceptant
2018-04-15 14:35:48: acceptation
2018-04-15 14:35:49: accepted
2018-04-15 14:35:50: accepting
2018-04-15 14:35:51: acceptor
2018-04-15 14:35:52: accepts
2018-04-15 14:35:53: access
2018-04-15 14:35:54: accessed
2018-04-15 14:35:55: accesses
2018-04-15 14:35:56: accessibility
2018-04-15 14:35:57: accessible
2018-04-15 14:35:58: accessibly
2018-04-15 14:35:59: accessing
2018-04-15 14:36:00: accession
2018-04-15 14:36:01: accessories
2018-04-15 14:36:02: accessory
2018-04-15 14:36:03: accident
2018-04-15 14:36:04: accidental
2018-04-15 14:36:05: accidentally
2018-04-15 14:36:06: accidents
2018-04-15 14:36:07: acclaim
2018-04-15 14:36:08: acclaimed
2018-04-15 14:36:09: acclaiming
2018-04-15 14:36:10: acclaims
2018-04-15 14:36:11: acclamation
2018-04-15 14:36:12: acclamatory
2018-04-15 14:36:13: acclimate
2018-04-15 14:36:14: acclimated
2018-04-15 14:36:15: acclimates
2018-04-15 14:36:16: acclimating
2018-04-15 14:36:17: acclimation
2018-04-15 14:36:18: acclimatisation
2018-04-15 14:36:19: acclimatise
2018-04-15 14:36:20: acclimatised
2018-04-15 14:36:22: acclimatises
2018-04-15 14:36:23: acclimatising
2018-04-15 14:36:24: acclimatize
2018-04-15 14:36:25: acclimatized
2018-04-15 14:36:26: acclimatizing
2018-04-15 14:36:27: accolade
2018-04-15 14:36:28: accolades
2018-04-15 14:36:29: accommodate
2018-04-15 14:36:30: accommodated
2018-04-15 14:36:31: accommodates
2018-04-15 14:36:32: accommodating
2018-04-15 14:36:33: accommodation
2018-04-15 14:36:34: accommodations
2018-04-15 14:36:35: accompanied
2018-04-15 14:36:36: accompanies
2018-04-15 14:36:37: accompaniment
2018-04-15 14:36:38: accompaniments
2018-04-15 14:36:39: accompanist
2018-04-15 14:36:40: accompanists
2018-04-15 14:36:41: accompany
2018-04-15 14:36:42: accompanying
2018-04-15 14:36:43: accomplice
2018-04-15 14:36:44: accomplices
2018-04-15 14:36:45: accomplish
2018-04-15 14:36:46: accomplishable
2018-04-15 14:36:47: accomplished
2018-04-15 14:36:48: accomplishes
2018-04-15 14:36:49: accomplishing
2018-04-15 14:36:50: accomplishment
2018-04-15 14:36:51: accomplishments
2018-04-15 14:36:52: accord
2018-04-15 14:36:53: accordance
2018-04-15 14:36:54: accordant
2018-04-15 14:36:55: accorded
2018-04-15 14:36:56: according
2018-04-15 14:36:57: accordingly
2018-04-15 14:36:58: accordion
2018-04-15 14:36:59: accordionist
2018-04-15 14:37:00: accordionists
2018-04-15 14:37:01: accordions
2018-04-15 14:37:02: accords
2018-04-15 14:37:03: accost
2018-04-15 14:37:04: accosted
2018-04-15 14:37:05: accosting
2018-04-15 14:37:06: accosts
2018-04-15 14:37:07: account
2018-04-15 14:37:08: accountability
2018-04-15 14:37:09: accountable
2018-04-15 14:37:10: accountableness
2018-04-15 14:37:11: accountably
2018-04-15 14:37:12: accountancy
2018-04-15 14:37:13: accountant
2018-04-15 14:37:14: accountants
2018-04-15 14:37:15: accounted
2018-04-15 14:37:16: accounting
2018-04-15 14:37:17: accounts
2018-04-15 14:37:18: accoutrement
2018-04-15 14:37:19: accoutrements
2018-04-15 14:37:20: accra
2018-04-15 14:37:21: accredit
2018-04-15 14:37:22: accreditate
2018-04-15 14:37:23: accreditation
2018-04-15 14:37:24: accredited
2018-04-15 14:37:25: accrediting
2018-04-15 14:37:26: accredits
2018-04-15 14:37:27: accreted
2018-04-15 14:37:28: accreting
2018-04-15 14:37:29: accretion
2018-04-15 14:37:30: accrington
2018-04-15 14:37:31: accrual
2018-04-15 14:37:32: accrue
2018-04-15 14:37:33: accrued
2018-04-15 14:37:34: accrues
2018-04-15 14:37:35: accruing
2018-04-15 14:37:36: acculturate
2018-04-15 14:37:37: accumulate
2018-04-15 14:37:38: accumulated
2018-04-15 14:37:39: accumulates
2018-04-15 14:37:40: accumulating
2018-04-15 14:37:41: accumulation
2018-04-15 14:37:42: accumulations
2018-04-15 14:37:43: accumulative
2018-04-15 14:37:44: accumulator
2018-04-15 14:37:45: accumulators
2018-04-15 14:37:46: accuracy
2018-04-15 14:37:47: accurate
2018-04-15 14:37:48: accurately
2018-04-15 14:37:49: accurse
2018-04-15 14:37:50: accursed
2018-04-15 14:37:51: accurst
2018-04-15 14:37:52: accusal
2018-04-15 14:37:53: accusation
2018-04-15 14:37:54: accusations
2018-04-15 14:37:55: accusative
2018-04-15 14:37:56: accusatory
2018-04-15 14:37:57: accuse
2018-04-15 14:37:58: accused
2018-04-15 14:37:59: accuser
2018-04-15 14:38:00: accusers
2018-04-15 14:38:01: accuses
2018-04-15 14:38:02: accusing
2018-04-15 14:38:03: accusingly
2018-04-15 14:38:04: accustom
2018-04-15 14:38:05: accustomary
2018-04-15 14:38:06: accustomed
2018-04-15 14:38:07: accustoming
2018-04-15 14:38:08: accustoms
2018-04-15 14:38:09: ace
2018-04-15 14:38:10: acerbate
2018-04-15 14:38:11: acerbated
2018-04-15 14:38:12: acerbates
2018-04-15 14:38:13: acerbating
2018-04-15 14:38:14: acerbic
2018-04-15 14:38:15: aces
2018-04-15 14:38:16: acetate
2018-04-15 14:38:17: acetates
2018-04-15 14:38:18: acetic
2018-04-15 14:38:19: acetone
2018-04-15 14:38:20: acetones
2018-04-15 14:38:21: acetylene
2018-04-15 14:38:22: ache
2018-04-15 14:38:23: ached
2018-04-15 14:38:24: aches
2018-04-15 14:38:25: achievable
2018-04-15 14:38:26: achieve
2018-04-15 14:38:27: achieved
2018-04-15 14:38:28: achievement
2018-04-15 14:38:29: achievements
2018-04-15 14:38:30: achieves
2018-04-15 14:38:31: achieving
2018-04-15 14:38:32: achilles
2018-04-15 14:38:33: aching
2018-04-15 14:38:34: achnasheen
2018-04-15 14:38:35: achromatic
2018-04-15 14:38:36: acid
2018-04-15 14:38:37: acidic
2018-04-15 14:38:38: acidified
2018-04-15 14:38:39: acidifies
2018-04-15 14:38:40: acidify
2018-04-15 14:38:41: acidifying
2018-04-15 14:38:42: acidity
2018-04-15 14:38:43: acidosis
2018-04-15 14:38:44: acids
2018-04-15 14:38:45: acknowledge
2018-04-15 14:38:46: acknowledgeable
2018-04-15 14:38:47: acknowledgeably
2018-04-15 14:38:48: acknowledged
2018-04-15 14:38:49: acknowledgement
2018-04-15 14:38:50: acknowledgements
2018-04-15 14:38:51: acknowledges
2018-04-15 14:38:52: acknowledging
2018-04-15 14:38:53: acme
2018-04-15 14:38:54: acne
2018-04-15 14:38:55: acolyte
2018-04-15 14:38:56: aconite
2018-04-15 14:38:57: acorn
2018-04-15 14:38:58: acorns
2018-04-15 14:38:59: acoustic
2018-04-15 14:39:00: acoustical
2018-04-15 14:39:01: acoustically
2018-04-15 14:39:02: acoustics
2018-04-15 14:39:03: acquaint
2018-04-15 14:39:04: acquaintance
2018-04-15 14:39:05: acquaintances
2018-04-15 14:39:06: acquaintanceship
2018-04-15 14:39:07: acquainted
2018-04-15 14:39:08: acquainting
2018-04-15 14:39:09: acquaints
2018-04-15 14:39:10: acquiesce
2018-04-15 14:39:11: acquiesced
2018-04-15 14:39:12: acquiescence
2018-04-15 14:39:13: acquiescent
2018-04-15 14:39:14: acquiescently
2018-04-15 14:39:15: acquiesces
2018-04-15 14:39:16: acquiescing
2018-04-15 14:39:17: acquirable
2018-04-15 14:39:18: acquire
2018-04-15 14:39:19: acquired
2018-04-15 14:39:20: acquirement
2018-04-15 14:39:21: acquires
2018-04-15 14:39:22: acquiring
2018-04-15 14:39:23: acquisition
2018-04-15 14:39:24: acquisitions
2018-04-15 14:39:25: acquisitive
2018-04-15 14:39:26: acquisitiveness
2018-04-15 14:39:27: acquit
2018-04-15 14:39:28: acquits
2018-04-15 14:39:29: acquittal
2018-04-15 14:39:30: acquittals
2018-04-15 14:39:31: acquittance
2018-04-15 14:39:32: acquitted
2018-04-15 14:39:33: acquitting
2018-04-15 14:39:34: acre
2018-04-15 14:39:35: acreage
2018-04-15 14:39:36: acreages
2018-04-15 14:39:37: acres
2018-04-15 14:39:38: acrid
2018-04-15 14:39:39: acridity
2018-04-15 14:39:40: acrimonies
2018-04-15 14:39:41: acrimonious
2018-04-15 14:39:42: acrimoniously
2018-04-15 14:39:43: acrimony
2018-04-15 14:39:44: acrobacy
2018-04-15 14:39:45: acrobat
2018-04-15 14:39:46: acrobatic
2018-04-15 14:39:47: acrobatics
2018-04-15 14:39:48: acrobats
2018-04-15 14:39:49: acronym
2018-04-15 14:39:50: acronyms
2018-04-15 14:39:51: acrophobia
2018-04-15 14:39:52: acropolis
2018-04-15 14:39:53: across
2018-04-15 14:39:54: acryl
2018-04-15 14:39:55: acrylate
2018-04-15 14:39:56: acrylic
2018-04-15 14:39:57: acrylics
2018-04-15 14:39:58: act
2018-04-15 14:39:59: acted
2018-04-15 14:40:00: acting
2018-04-15 14:40:01: actinide
2018-04-15 14:40:02: actinium
2018-04-15 14:40:03: action
2018-04-15 14:40:04: actionable
2018-04-15 14:40:05: actions
2018-04-15 14:40:06: activate
2018-04-15 14:40:07: activated
2018-04-15 14:40:08: activates
2018-04-15 14:40:09: activating
2018-04-15 14:40:10: activation
2018-04-15 14:40:11: activator
2018-04-15 14:40:12: activators
2018-04-15 14:40:13: active
2018-04-15 14:40:14: actively
2018-04-15 14:40:15: activism
2018-04-15 14:40:16: activist
2018-04-15 14:40:17: activists
2018-04-15 14:40:18: activities
2018-04-15 14:40:19: activity
2018-04-15 14:40:20: acton
2018-04-15 14:40:21: actor
2018-04-15 14:40:22: actors
2018-04-15 14:40:23: actress
2018-04-15 14:40:24: actresses
2018-04-15 14:40:25: acts
2018-04-15 14:40:26: actual
2018-04-15 14:40:27: actualisation
2018-04-15 14:40:28: actualise
2018-04-15 14:40:29: actualised
2018-04-15 14:40:30: actualises
2018-04-15 14:40:31: actualising
2018-04-15 14:40:32: actualist
2018-04-15 14:40:33: actualists
2018-04-15 14:40:34: actualities
2018-04-15 14:40:35: actuality
2018-04-15 14:40:36: actually
2018-04-15 14:40:37: actuarial
2018-04-15 14:40:38: actuaries
2018-04-15 14:40:39: actuary
2018-04-15 14:40:40: actuate
2018-04-15 14:40:41: actuated
2018-04-15 14:40:42: actuates
2018-04-15 14:40:43: actuating
2018-04-15 14:40:44: actuator
2018-04-15 14:40:45: actuators
2018-04-15 14:40:46: acuity
2018-04-15 14:40:47: acumen
2018-04-15 14:40:48: acupuncture
2018-04-15 14:40:49: acute
2018-04-15 14:40:50: acutely
2018-04-15 14:40:51: acuteness
2018-04-15 14:40:52: acyclic
2018-04-15 14:40:54: ad
2018-04-15 14:40:55: ada
2018-04-15 14:40:56: adage
2018-04-15 14:40:57: adages
2018-04-15 14:40:58: adagio
2018-04-15 14:40:59: adam
2018-04-15 14:41:00: adamant
2018-04-15 14:41:01: adamantine
2018-04-15 14:41:02: adamantly
2018-04-15 14:41:03: adams
2018-04-15 14:41:04: adamson
2018-04-15 14:41:05: adamstown
2018-04-15 14:41:06: adapt
2018-04-15 14:41:07: adaptability
2018-04-15 14:41:08: adaptable
2018-04-15 14:41:09: adaptably
2018-04-15 14:41:10: adaptation
2018-04-15 14:41:11: adaptations
2018-04-15 14:41:12: adapted
2018-04-15 14:41:13: adapter
2018-04-15 14:41:14: adapters
2018-04-15 14:41:15: adapting
2018-04-15 14:41:16: adaption
2018-04-15 14:41:17: adaptions
2018-04-15 14:41:18: adaptive
2018-04-15 14:41:19: adaptor
2018-04-15 14:41:20: adaptors
2018-04-15 14:41:21: adapts
2018-04-15 14:41:22: add
2018-04-15 14:41:23: added
2018-04-15 14:41:24: addend
2018-04-15 14:41:25: addenda
2018-04-15 14:41:26: addendum
2018-04-15 14:41:27: adder
2018-04-15 14:41:28: adders
2018-04-15 14:41:29: addict
2018-04-15 14:41:30: addicted
2018-04-15 14:41:31: addictedness
2018-04-15 14:41:32: addiction
2018-04-15 14:41:33: addictions
2018-04-15 14:41:34: addictive
2018-04-15 14:41:35: addicts
2018-04-15 14:41:36: adding
2018-04-15 14:41:37: addison
2018-04-15 14:41:38: addition
2018-04-15 14:41:39: additional
2018-04-15 14:41:40: additionally
2018-04-15 14:41:41: additions
2018-04-15 14:41:42: additive
2018-04-15 14:41:43: additively
2018-04-15 14:41:44: additives
2018-04-15 14:41:45: addle
2018-04-15 14:41:46: addled
2018-04-15 14:41:47: addles
2018-04-15 14:41:48: addling
2018-04-15 14:41:49: address
2018-04-15 14:41:50: addressable
2018-04-15 14:41:51: addressed
2018-04-15 14:41:52: addressee
2018-04-15 14:41:53: addressees
2018-04-15 14:41:54: addresser
2018-04-15 14:41:55: addressers
2018-04-15 14:41:56: addresses
2018-04-15 14:41:57: addressing
2018-04-15 14:41:58: addressograph
2018-04-15 14:41:59: adds
2018-04-15 14:42:00: adduce
2018-04-15 14:42:01: adduced
2018-04-15 14:42:02: adduces
2018-04-15 14:42:03: adducing
2018-04-15 14:42:04: adelaide
2018-04-15 14:42:05: aden
2018-04-15 14:42:06: adenoid
2018-04-15 14:42:07: adenoids
2018-04-15 14:42:08: adept
2018-04-15 14:42:09: adeptly
2018-04-15 14:42:10: adequacy
2018-04-15 14:42:11: adequate
2018-04-15 14:42:12: adequately
2018-04-15 14:42:13: adhere
2018-04-15 14:42:14: adhered
2018-04-15 14:42:15: adherence
2018-04-15 14:42:16: adherent
2018-04-15 14:42:17: adherents
2018-04-15 14:42:18: adherer
2018-04-15 14:42:19: adheres
2018-04-15 14:42:20: adhering
2018-04-15 14:42:21: adhesion
2018-04-15 14:42:22: adhesive
2018-04-15 14:42:23: adhesiveness
2018-04-15 14:42:24: adhesives
2018-04-15 14:42:25: adieu
2018-04-15 14:42:26: adjacency
2018-04-15 14:42:27: adjacent
2018-04-15 14:42:28: adjacently
2018-04-15 14:42:29: adjectival
2018-04-15 14:42:30: adjectivally
2018-04-15 14:42:31: adjective
2018-04-15 14:42:32: adjectives
2018-04-15 14:42:33: adjoin
2018-04-15 14:42:34: adjoined
2018-04-15 14:42:35: adjoining
2018-04-15 14:42:36: adjoins
2018-04-15 14:42:37: adjourn
2018-04-15 14:42:38: adjourned
2018-04-15 14:42:39: adjourning
